


ARM Macro Assembler    Page 1 


    1 00000000         ;-------------------------------------------------------
                       ------------------------
    2 00000000         ; Copyright (c) 2011 by Silicon Laboratories Inc.  All r
                       ights reserved.
    3 00000000         ; The program contained in this listing is proprietary t
                       o Silicon Laboratories,
    4 00000000         ; headquartered in Austin, Texas, U.S.A. and is subject 
                       to worldwide copyright
    5 00000000         ; protection, including protection under the United Stat
                       es Copyright Act of 1976
    6 00000000         ; as an unpublished work, pursuant to Section 104 and Se
                       ction 408 of Title XVII
    7 00000000         ; of the United States code.  Unauthorized copying, adap
                       tation, distribution,
    8 00000000         ; use, or display is prohibited by this law.
    9 00000000         ;
   10 00000000         ; Silicon Laboratories provides this software solely and
                        exclusively
   11 00000000         ; for use on Silicon Laboratories' microcontroller produ
                       cts.
   12 00000000         ;
   13 00000000         ; This software is provided "as is".  NO WARRANTIES, WHE
                       THER EXPRESS, IMPLIED
   14 00000000         ; OR STATUTORY, INCLUDING, BUT NOT LIMITED TO, IMPLIED W
                       ARRANTIES OF
   15 00000000         ; MERCHANTABILITY AND FITNESS FOR A PARTICULAR PURPOSE A
                       PPLY TO THIS SOFTWARE.
   16 00000000         ; SILICON LABORATORIES SHALL NOT, IN ANY CIRCUMSTANCES, 
                       BE LIABLE FOR SPECIAL,
   17 00000000         ; INCIDENTAL, OR CONSEQUENTIAL DAMAGES, FOR ANY REASON W
                       HATSOEVER.
   18 00000000         ;-------------------------------------------------------
                       ------------------------
   19 00000000         ; RVMDK chain
   20 00000000         
   21 00000000                 PRESERVE8
   22 00000000                 THUMB
   23 00000000         ;-------------------------------------------------------
                       ------------------------
   24 00000000         ; interrupt vectors
   25 00000000                 AREA             RESET, DATA, READONLY
   26 00000000                 EXPORT           __Vectors
   27 00000000                 EXPORT           __Vectors_End
   28 00000000                 EXPORT           __Vectors_Size
   29 00000000                 IMPORT           ||Image$$ARM_LIB_STACK$$ZI$$Lim
it||
   30 00000000         
   31 00000000         __Vectors
   32 00000000         ; stack pointer
   33 00000000 00000000        DCD              ||Image$$ARM_LIB_STACK$$ZI$$Lim
it|| 
                                                            ; Top of Stack
   34 00000004         
   35 00000004         ; CPU interrupts
   36 00000004 00000000        DCD              Reset_Handler ; Reset Handler
   37 00000008 00000000        DCD              NMI_Handler ; NMI Handler
   38 0000000C 00000000        DCD              HardFault_Handler ; Hard Fault 
                                                            Handler
   39 00000010 00000000        DCD              MemManage_Handler 



ARM Macro Assembler    Page 2 


                                                            ; MPU Fault Handler
                                                            
   40 00000014 00000000        DCD              BusFault_Handler 
                                                            ; Bus Fault Handler
                                                            
   41 00000018 00000000        DCD              UsageFault_Handler ; Usage Faul
                                                            t Handler
   42 0000001C 00000000        DCD              0           ; reserved
   43 00000020 00000000        DCD              0           ; reserved
   44 00000024 00000000        DCD              0           ; reserved
   45 00000028 00000000        DCD              0           ; reserved
   46 0000002C 00000000        DCD              SVC_Handler ; SVCall Handler
   47 00000030 00000000        DCD              DebugMon_Handler ; Debug Monito
                                                            r Handler
   48 00000034 00000000        DCD              0           ; reserved
   49 00000038 00000000        DCD              PendSV_Handler ; PendSV Handler
                                                            
   50 0000003C 00000000        DCD              SysTick_Handler 
                                                            ; SysTick Handler
   51 00000040         
   52 00000040         ; MCU interrupts
   53 00000040 00000000        DCD              WDTIMER0_IRQHandler 
                                                            ; Watchdog Timer 0
   54 00000044 00000000        DCD              PBEXT0_IRQHandler ; External in
                                                            terrupt 0
   55 00000048 00000000        DCD              PBEXT1_IRQHandler ; External in
                                                            terrupt 1
   56 0000004C 00000000        DCD              RTC0ALRM_IRQHandler ; RTC Alarm
                                                            
   57 00000050 00000000        DCD              LPTIMER0_IRQHandler 
                                                            ; Low-Power Timer
   58 00000054 00000000        DCD              DMAERR_IRQHandler ; DMA Error
   59 00000058 00000000        DCD              DMACH0_IRQHandler 
                                                            ; DMA Channel 0
   60 0000005C 00000000        DCD              DMACH1_IRQHandler 
                                                            ; DMA Channel 1
   61 00000060 00000000        DCD              DMACH2_IRQHandler 
                                                            ; DMA Channel 2
   62 00000064 00000000        DCD              DMACH3_IRQHandler 
                                                            ; DMA Channel 3
   63 00000068 00000000        DCD              DMACH4_IRQHandler 
                                                            ; DMA Channel 4
   64 0000006C 00000000        DCD              DMACH5_IRQHandler 
                                                            ; DMA Channel 5
   65 00000070 00000000        DCD              DMACH6_IRQHandler 
                                                            ; DMA Channel 6
   66 00000074 00000000        DCD              DMACH7_IRQHandler 
                                                            ; DMA Channel 7
   67 00000078 00000000        DCD              DMACH8_IRQHandler 
                                                            ; DMA Channel 8
   68 0000007C 00000000        DCD              DMACH9_IRQHandler 
                                                            ; DMA Channel 9
   69 00000080 00000000        DCD              TIMER0L_IRQHandler ; Timer 0 Lo
                                                            w (16 bits only)
   70 00000084 00000000        DCD              TIMER0H_IRQHandler ; Timer 0 Hi
                                                            gh (16 or 32 bits)
   71 00000088 00000000        DCD              TIMER1L_IRQHandler ; Timer 1 Lo
                                                            w (16 bits only)
   72 0000008C 00000000        DCD              TIMER1H_IRQHandler ; Timer 1 Hi



ARM Macro Assembler    Page 3 


                                                            gh (16 or 32 bits)
   73 00000090 00000000        DCD              TIMER2L_IRQHandler ; Timer 2 Lo
                                                            w (16 bits only)
   74 00000094 00000000        DCD              TIMER2H_IRQHandler ; Timer 2 Hi
                                                            gh (16 or 32 bits)
   75 00000098 00000000        DCD              ACCTR0_IRQHandler ; Advanced Ca
                                                            pture Counter
   76 0000009C 00000000        DCD              EPCA0_IRQHandler ; EPCA 0 Captu
                                                            re Compare (any cha
                                                            nnel)
   77 000000A0 00000000        DCD              USART0_IRQHandler ; USART 0
   78 000000A4 00000000        DCD              UART0_IRQHandler ; UART 0
   79 000000A8 00000000        DCD              SPI0_IRQHandler ; SPI 0
   80 000000AC 00000000        DCD              SPI1_IRQHandler ; SPI 1
   81 000000B0 00000000        DCD              I2C0_IRQHandler ; I2C 0
   82 000000B4 00000000        DCD              SARADC0_IRQHandler ; ADC 0
   83 000000B8 00000000        DCD              CMP0_IRQHandler ; Comparator 0
   84 000000BC 00000000        DCD              CMP1_IRQHandler ; Comparator 1
   85 000000C0 00000000        DCD              DTM0_IRQHandler ; Data Transfer
                                                             Manager 0
   86 000000C4 00000000        DCD              DTM1_IRQHandler ; Data Transfer
                                                             Manager 1
   87 000000C8 00000000        DCD              DTM2_IRQHandler ; Data Transfer
                                                             Manager 2
   88 000000CC 00000000        DCD              AES0_IRQHandler ; AES 0
   89 000000D0 00000000        DCD              ENCDEC0_IRQHandler 
                                                            ; Encoder/Decoder
   90 000000D4 00000000        DCD              RTC0FAIL_IRQHandler 
                                                            ; RTC clock failure
                                                            
   91 000000D8 00000000        DCD              VDDLOW_IRQHandler ; VDD low
   92 000000DC 00000000        DCD              VCPFAIL_IRQHandler 
                                                            ; VCP failure
   93 000000E0 00000000        DCD              DCDC_IRQHandler 
                                                            ; DCDC Converter
   94 000000E4 00000000        DCD              PMATCH_IRQHandler ; Port Match
   95 000000E8 00000000        DCD              IDAC0_IRQHandler ; IDAC 0
   96 000000EC 00000000        DCD              PLL0_IRQHandler 
                                                            ; Phase-Locked Loop
                                                            
   97 000000F0         __Vectors_End
   98 000000F0         
  100 000000F0 000000F0 
                       __Vectors_Size
                               EQU              __Vectors_End - __Vectors
  101 000000F0                 AREA             |.text|, CODE, READONLY
  102 00000000         
  103 00000000         ;-------------------------------------------------------
                       ------------------------
  104 00000000         ; default reset handler
  106 00000000         Reset_Handler
                               PROC
  107 00000000                 EXPORT           Reset_Handler [WEAK]
  108 00000000                 IMPORT           SystemInit
  109 00000000                 IMPORT           __main
  110 00000000 481C            LDR              R0, = SystemInit
  111 00000002 4780            BLX              R0
  112 00000004 481C            LDR              R0, = __main
  113 00000006 4700            BX               R0



ARM Macro Assembler    Page 4 


  114 00000008                 ENDP
  115 00000008         
  116 00000008         ;-------------------------------------------------------
                       ------------------------
  117 00000008         ; dummy exception handlers
  119 00000008         NMI_Handler
                               PROC
  120 00000008                 EXPORT           NMI_Handler [WEAK]
  121 00000008 E7FE            B                .
  122 0000000A                 ENDP
  123 0000000A         
  125 0000000A         HardFault_Handler
                               PROC
  126 0000000A                 EXPORT           HardFault_Handler [WEAK]
  127 0000000A E7FE            B                .
  128 0000000C                 ENDP
  129 0000000C         
  131 0000000C         MemManage_Handler
                               PROC
  132 0000000C                 EXPORT           MemManage_Handler [WEAK]
  133 0000000C E7FE            B                .
  134 0000000E                 ENDP
  135 0000000E         
  137 0000000E         BusFault_Handler
                               PROC
  138 0000000E                 EXPORT           BusFault_Handler [WEAK]
  139 0000000E E7FE            B                .
  140 00000010                 ENDP
  141 00000010         
  143 00000010         UsageFault_Handler
                               PROC
  144 00000010                 EXPORT           UsageFault_Handler [WEAK]
  145 00000010 E7FE            B                .
  146 00000012                 ENDP
  147 00000012         
  149 00000012         SVC_Handler
                               PROC
  150 00000012                 EXPORT           SVC_Handler [WEAK]
  151 00000012 E7FE            B                .
  152 00000014                 ENDP
  153 00000014         
  155 00000014         DebugMon_Handler
                               PROC
  156 00000014                 EXPORT           DebugMon_Handler [WEAK]
  157 00000014 E7FE            B                .
  158 00000016                 ENDP
  159 00000016         
  161 00000016         PendSV_Handler
                               PROC
  162 00000016                 EXPORT           PendSV_Handler [WEAK]
  163 00000016 E7FE            B                .
  164 00000018                 ENDP
  165 00000018         
  167 00000018         SysTick_Handler
                               PROC
  168 00000018                 EXPORT           SysTick_Handler [WEAK]
  169 00000018 E7FE            B                .
  170 0000001A                 ENDP
  171 0000001A         



ARM Macro Assembler    Page 5 


  173 0000001A         WDTIMER0_IRQHandler
                               PROC
  174 0000001A                 EXPORT           WDTIMER0_IRQHandler [WEAK]
  175 0000001A E7FE            B                .
  176 0000001C                 ENDP
  177 0000001C         
  179 0000001C         PBEXT0_IRQHandler
                               PROC
  180 0000001C                 EXPORT           PBEXT0_IRQHandler [WEAK]
  181 0000001C E7FE            B                .
  182 0000001E                 ENDP
  183 0000001E         
  185 0000001E         PBEXT1_IRQHandler
                               PROC
  186 0000001E                 EXPORT           PBEXT1_IRQHandler [WEAK]
  187 0000001E E7FE            B                .
  188 00000020                 ENDP
  189 00000020         
  191 00000020         RTC0ALRM_IRQHandler
                               PROC
  192 00000020                 EXPORT           RTC0ALRM_IRQHandler [WEAK]
  193 00000020 E7FE            B                .
  194 00000022                 ENDP
  195 00000022         
  197 00000022         LPTIMER0_IRQHandler
                               PROC
  198 00000022                 EXPORT           LPTIMER0_IRQHandler [WEAK]
  199 00000022 E7FE            B                .
  200 00000024                 ENDP
  201 00000024         
  203 00000024         DMAERR_IRQHandler
                               PROC
  204 00000024                 EXPORT           DMAERR_IRQHandler [WEAK]
  205 00000024 E7FE            B                .
  206 00000026                 ENDP
  207 00000026         
  209 00000026         DMACH0_IRQHandler
                               PROC
  210 00000026                 EXPORT           DMACH0_IRQHandler [WEAK]
  211 00000026 E7FE            B                .
  212 00000028                 ENDP
  213 00000028         
  215 00000028         DMACH1_IRQHandler
                               PROC
  216 00000028                 EXPORT           DMACH1_IRQHandler [WEAK]
  217 00000028 E7FE            B                .
  218 0000002A                 ENDP
  219 0000002A         
  221 0000002A         DMACH2_IRQHandler
                               PROC
  222 0000002A                 EXPORT           DMACH2_IRQHandler [WEAK]
  223 0000002A E7FE            B                .
  224 0000002C                 ENDP
  225 0000002C         
  227 0000002C         DMACH3_IRQHandler
                               PROC
  228 0000002C                 EXPORT           DMACH3_IRQHandler [WEAK]
  229 0000002C E7FE            B                .
  230 0000002E                 ENDP



ARM Macro Assembler    Page 6 


  231 0000002E         
  233 0000002E         DMACH4_IRQHandler
                               PROC
  234 0000002E                 EXPORT           DMACH4_IRQHandler [WEAK]
  235 0000002E E7FE            B                .
  236 00000030                 ENDP
  237 00000030         
  239 00000030         DMACH5_IRQHandler
                               PROC
  240 00000030                 EXPORT           DMACH5_IRQHandler [WEAK]
  241 00000030 E7FE            B                .
  242 00000032                 ENDP
  243 00000032         
  245 00000032         DMACH6_IRQHandler
                               PROC
  246 00000032                 EXPORT           DMACH6_IRQHandler [WEAK]
  247 00000032 E7FE            B                .
  248 00000034                 ENDP
  249 00000034         
  251 00000034         DMACH7_IRQHandler
                               PROC
  252 00000034                 EXPORT           DMACH7_IRQHandler [WEAK]
  253 00000034 E7FE            B                .
  254 00000036                 ENDP
  255 00000036         
  257 00000036         DMACH8_IRQHandler
                               PROC
  258 00000036                 EXPORT           DMACH8_IRQHandler [WEAK]
  259 00000036 E7FE            B                .
  260 00000038                 ENDP
  261 00000038         
  263 00000038         DMACH9_IRQHandler
                               PROC
  264 00000038                 EXPORT           DMACH9_IRQHandler [WEAK]
  265 00000038 E7FE            B                .
  266 0000003A                 ENDP
  267 0000003A         
  269 0000003A         TIMER0L_IRQHandler
                               PROC
  270 0000003A                 EXPORT           TIMER0L_IRQHandler [WEAK]
  271 0000003A E7FE            B                .
  272 0000003C                 ENDP
  273 0000003C         
  275 0000003C         TIMER0H_IRQHandler
                               PROC
  276 0000003C                 EXPORT           TIMER0H_IRQHandler [WEAK]
  277 0000003C E7FE            B                .
  278 0000003E                 ENDP
  279 0000003E         
  281 0000003E         TIMER1L_IRQHandler
                               PROC
  282 0000003E                 EXPORT           TIMER1L_IRQHandler [WEAK]
  283 0000003E E7FE            B                .
  284 00000040                 ENDP
  285 00000040         
  287 00000040         TIMER1H_IRQHandler
                               PROC
  288 00000040                 EXPORT           TIMER1H_IRQHandler [WEAK]
  289 00000040 E7FE            B                .



ARM Macro Assembler    Page 7 


  290 00000042                 ENDP
  291 00000042         
  293 00000042         TIMER2L_IRQHandler
                               PROC
  294 00000042                 EXPORT           TIMER2L_IRQHandler [WEAK]
  295 00000042 E7FE            B                .
  296 00000044                 ENDP
  297 00000044         
  299 00000044         TIMER2H_IRQHandler
                               PROC
  300 00000044                 EXPORT           TIMER2H_IRQHandler [WEAK]
  301 00000044 E7FE            B                .
  302 00000046                 ENDP
  303 00000046         
  305 00000046         ACCTR0_IRQHandler
                               PROC
  306 00000046                 EXPORT           ACCTR0_IRQHandler [WEAK]
  307 00000046 E7FE            B                .
  308 00000048                 ENDP
  309 00000048         
  311 00000048         EPCA0_IRQHandler
                               PROC
  312 00000048                 EXPORT           EPCA0_IRQHandler [WEAK]
  313 00000048 E7FE            B                .
  314 0000004A                 ENDP
  315 0000004A         
  317 0000004A         USART0_IRQHandler
                               PROC
  318 0000004A                 EXPORT           USART0_IRQHandler [WEAK]
  319 0000004A E7FE            B                .
  320 0000004C                 ENDP
  321 0000004C         
  323 0000004C         UART0_IRQHandler
                               PROC
  324 0000004C                 EXPORT           UART0_IRQHandler [WEAK]
  325 0000004C E7FE            B                .
  326 0000004E                 ENDP
  327 0000004E         
  329 0000004E         SPI0_IRQHandler
                               PROC
  330 0000004E                 EXPORT           SPI0_IRQHandler [WEAK]
  331 0000004E E7FE            B                .
  332 00000050                 ENDP
  333 00000050         
  335 00000050         SPI1_IRQHandler
                               PROC
  336 00000050                 EXPORT           SPI1_IRQHandler [WEAK]
  337 00000050 E7FE            B                .
  338 00000052                 ENDP
  339 00000052         
  341 00000052         I2C0_IRQHandler
                               PROC
  342 00000052                 EXPORT           I2C0_IRQHandler [WEAK]
  343 00000052 E7FE            B                .
  344 00000054                 ENDP
  345 00000054         
  347 00000054         SARADC0_IRQHandler
                               PROC
  348 00000054                 EXPORT           SARADC0_IRQHandler [WEAK]



ARM Macro Assembler    Page 8 


  349 00000054 E7FE            B                .
  350 00000056                 ENDP
  351 00000056         
  353 00000056         CMP0_IRQHandler
                               PROC
  354 00000056                 EXPORT           CMP0_IRQHandler [WEAK]
  355 00000056 E7FE            B                .
  356 00000058                 ENDP
  357 00000058         
  359 00000058         CMP1_IRQHandler
                               PROC
  360 00000058                 EXPORT           CMP1_IRQHandler [WEAK]
  361 00000058 E7FE            B                .
  362 0000005A                 ENDP
  363 0000005A         
  365 0000005A         DTM0_IRQHandler
                               PROC
  366 0000005A                 EXPORT           DTM0_IRQHandler [WEAK]
  367 0000005A E7FE            B                .
  368 0000005C                 ENDP
  369 0000005C         
  371 0000005C         DTM1_IRQHandler
                               PROC
  372 0000005C                 EXPORT           DTM1_IRQHandler [WEAK]
  373 0000005C E7FE            B                .
  374 0000005E                 ENDP
  375 0000005E         
  377 0000005E         DTM2_IRQHandler
                               PROC
  378 0000005E                 EXPORT           DTM2_IRQHandler [WEAK]
  379 0000005E E7FE            B                .
  380 00000060                 ENDP
  381 00000060         
  383 00000060         AES0_IRQHandler
                               PROC
  384 00000060                 EXPORT           AES0_IRQHandler [WEAK]
  385 00000060 E7FE            B                .
  386 00000062                 ENDP
  387 00000062         
  389 00000062         ENCDEC0_IRQHandler
                               PROC
  390 00000062                 EXPORT           ENCDEC0_IRQHandler [WEAK]
  391 00000062 E7FE            B                .
  392 00000064                 ENDP
  393 00000064         
  395 00000064         RTC0FAIL_IRQHandler
                               PROC
  396 00000064                 EXPORT           RTC0FAIL_IRQHandler [WEAK]
  397 00000064 E7FE            B                .
  398 00000066                 ENDP
  399 00000066         
  401 00000066         VDDLOW_IRQHandler
                               PROC
  402 00000066                 EXPORT           VDDLOW_IRQHandler [WEAK]
  403 00000066 E7FE            B                .
  404 00000068                 ENDP
  405 00000068         
  407 00000068         VCPFAIL_IRQHandler
                               PROC



ARM Macro Assembler    Page 9 


  408 00000068                 EXPORT           VCPFAIL_IRQHandler [WEAK]
  409 00000068 E7FE            B                .
  410 0000006A                 ENDP
  411 0000006A         
  413 0000006A         DCDC_IRQHandler
                               PROC
  414 0000006A                 EXPORT           DCDC_IRQHandler [WEAK]
  415 0000006A E7FE            B                .
  416 0000006C                 ENDP
  417 0000006C         
  419 0000006C         PMATCH_IRQHandler
                               PROC
  420 0000006C                 EXPORT           PMATCH_IRQHandler [WEAK]
  421 0000006C E7FE            B                .
  422 0000006E                 ENDP
  423 0000006E         
  425 0000006E         IDAC0_IRQHandler
                               PROC
  426 0000006E                 EXPORT           IDAC0_IRQHandler [WEAK]
  427 0000006E E7FE            B                .
  428 00000070                 ENDP
  429 00000070         
  431 00000070         PLL0_IRQHandler
                               PROC
  432 00000070                 EXPORT           PLL0_IRQHandler [WEAK]
  433 00000070 E7FE            B                .
  434 00000072                 ENDP
  435 00000072         
  436 00000072 00 00           ALIGN
  437 00000074         
  438 00000074                 END
              00000000 
              00000000 
Command Line: --debug --xref --cpu=Cortex-M3 --apcs=interwork --depend=.\startu
p_sim3l1xx_arm.d -o.\startup_sim3l1xx_arm.o -Id:\Keil_v5\ARM\RV31\INC -Id:\Keil
_v5\ARM\CMSIS\Include --predefine="__UVISION_VERSION SETA 513" --list=.\startup
_sim3l1xx_arm.lst ..\..\..\hal\drivers\si32Hal\sim3l1xx\startup_sim3l1xx_arm.s



ARM Macro Assembler    Page 1 Alphabetic symbol ordering
Relocatable symbols

RESET 00000000

Symbol: RESET
   Definitions
      At line 25 in file ..\..\..\hal\drivers\si32Hal\sim3l1xx\startup_sim3l1xx
_arm.s
   Uses
      None
Comment: RESET unused
__Vectors 00000000

Symbol: __Vectors
   Definitions
      At line 31 in file ..\..\..\hal\drivers\si32Hal\sim3l1xx\startup_sim3l1xx
_arm.s
   Uses
      At line 26 in file ..\..\..\hal\drivers\si32Hal\sim3l1xx\startup_sim3l1xx
_arm.s
      At line 100 in file ..\..\..\hal\drivers\si32Hal\sim3l1xx\startup_sim3l1x
x_arm.s

__Vectors_End 000000F0

Symbol: __Vectors_End
   Definitions
      At line 97 in file ..\..\..\hal\drivers\si32Hal\sim3l1xx\startup_sim3l1xx
_arm.s
   Uses
      At line 27 in file ..\..\..\hal\drivers\si32Hal\sim3l1xx\startup_sim3l1xx
_arm.s
      At line 100 in file ..\..\..\hal\drivers\si32Hal\sim3l1xx\startup_sim3l1x
x_arm.s

3 symbols



ARM Macro Assembler    Page 1 Alphabetic symbol ordering
Relocatable symbols

.text 00000000

Symbol: .text
   Definitions
      At line 101 in file ..\..\..\hal\drivers\si32Hal\sim3l1xx\startup_sim3l1x
x_arm.s
   Uses
      None
Comment: .text unused
ACCTR0_IRQHandler 00000046

Symbol: ACCTR0_IRQHandler
   Definitions
      At line 305 in file ..\..\..\hal\drivers\si32Hal\sim3l1xx\startup_sim3l1x
x_arm.s
   Uses
      At line 75 in file ..\..\..\hal\drivers\si32Hal\sim3l1xx\startup_sim3l1xx
_arm.s
      At line 306 in file ..\..\..\hal\drivers\si32Hal\sim3l1xx\startup_sim3l1x
x_arm.s

AES0_IRQHandler 00000060

Symbol: AES0_IRQHandler
   Definitions
      At line 383 in file ..\..\..\hal\drivers\si32Hal\sim3l1xx\startup_sim3l1x
x_arm.s
   Uses
      At line 88 in file ..\..\..\hal\drivers\si32Hal\sim3l1xx\startup_sim3l1xx
_arm.s
      At line 384 in file ..\..\..\hal\drivers\si32Hal\sim3l1xx\startup_sim3l1x
x_arm.s

BusFault_Handler 0000000E

Symbol: BusFault_Handler
   Definitions
      At line 137 in file ..\..\..\hal\drivers\si32Hal\sim3l1xx\startup_sim3l1x
x_arm.s
   Uses
      At line 40 in file ..\..\..\hal\drivers\si32Hal\sim3l1xx\startup_sim3l1xx
_arm.s
      At line 138 in file ..\..\..\hal\drivers\si32Hal\sim3l1xx\startup_sim3l1x
x_arm.s

CMP0_IRQHandler 00000056

Symbol: CMP0_IRQHandler
   Definitions
      At line 353 in file ..\..\..\hal\drivers\si32Hal\sim3l1xx\startup_sim3l1x
x_arm.s
   Uses
      At line 83 in file ..\..\..\hal\drivers\si32Hal\sim3l1xx\startup_sim3l1xx
_arm.s
      At line 354 in file ..\..\..\hal\drivers\si32Hal\sim3l1xx\startup_sim3l1x
x_arm.s

CMP1_IRQHandler 00000058




ARM Macro Assembler    Page 2 Alphabetic symbol ordering
Relocatable symbols

Symbol: CMP1_IRQHandler
   Definitions
      At line 359 in file ..\..\..\hal\drivers\si32Hal\sim3l1xx\startup_sim3l1x
x_arm.s
   Uses
      At line 84 in file ..\..\..\hal\drivers\si32Hal\sim3l1xx\startup_sim3l1xx
_arm.s
      At line 360 in file ..\..\..\hal\drivers\si32Hal\sim3l1xx\startup_sim3l1x
x_arm.s

DCDC_IRQHandler 0000006A

Symbol: DCDC_IRQHandler
   Definitions
      At line 413 in file ..\..\..\hal\drivers\si32Hal\sim3l1xx\startup_sim3l1x
x_arm.s
   Uses
      At line 93 in file ..\..\..\hal\drivers\si32Hal\sim3l1xx\startup_sim3l1xx
_arm.s
      At line 414 in file ..\..\..\hal\drivers\si32Hal\sim3l1xx\startup_sim3l1x
x_arm.s

DMACH0_IRQHandler 00000026

Symbol: DMACH0_IRQHandler
   Definitions
      At line 209 in file ..\..\..\hal\drivers\si32Hal\sim3l1xx\startup_sim3l1x
x_arm.s
   Uses
      At line 59 in file ..\..\..\hal\drivers\si32Hal\sim3l1xx\startup_sim3l1xx
_arm.s
      At line 210 in file ..\..\..\hal\drivers\si32Hal\sim3l1xx\startup_sim3l1x
x_arm.s

DMACH1_IRQHandler 00000028

Symbol: DMACH1_IRQHandler
   Definitions
      At line 215 in file ..\..\..\hal\drivers\si32Hal\sim3l1xx\startup_sim3l1x
x_arm.s
   Uses
      At line 60 in file ..\..\..\hal\drivers\si32Hal\sim3l1xx\startup_sim3l1xx
_arm.s
      At line 216 in file ..\..\..\hal\drivers\si32Hal\sim3l1xx\startup_sim3l1x
x_arm.s

DMACH2_IRQHandler 0000002A

Symbol: DMACH2_IRQHandler
   Definitions
      At line 221 in file ..\..\..\hal\drivers\si32Hal\sim3l1xx\startup_sim3l1x
x_arm.s
   Uses
      At line 61 in file ..\..\..\hal\drivers\si32Hal\sim3l1xx\startup_sim3l1xx
_arm.s
      At line 222 in file ..\..\..\hal\drivers\si32Hal\sim3l1xx\startup_sim3l1x
x_arm.s

DMACH3_IRQHandler 0000002C



ARM Macro Assembler    Page 3 Alphabetic symbol ordering
Relocatable symbols


Symbol: DMACH3_IRQHandler
   Definitions
      At line 227 in file ..\..\..\hal\drivers\si32Hal\sim3l1xx\startup_sim3l1x
x_arm.s
   Uses
      At line 62 in file ..\..\..\hal\drivers\si32Hal\sim3l1xx\startup_sim3l1xx
_arm.s
      At line 228 in file ..\..\..\hal\drivers\si32Hal\sim3l1xx\startup_sim3l1x
x_arm.s

DMACH4_IRQHandler 0000002E

Symbol: DMACH4_IRQHandler
   Definitions
      At line 233 in file ..\..\..\hal\drivers\si32Hal\sim3l1xx\startup_sim3l1x
x_arm.s
   Uses
      At line 63 in file ..\..\..\hal\drivers\si32Hal\sim3l1xx\startup_sim3l1xx
_arm.s
      At line 234 in file ..\..\..\hal\drivers\si32Hal\sim3l1xx\startup_sim3l1x
x_arm.s

DMACH5_IRQHandler 00000030

Symbol: DMACH5_IRQHandler
   Definitions
      At line 239 in file ..\..\..\hal\drivers\si32Hal\sim3l1xx\startup_sim3l1x
x_arm.s
   Uses
      At line 64 in file ..\..\..\hal\drivers\si32Hal\sim3l1xx\startup_sim3l1xx
_arm.s
      At line 240 in file ..\..\..\hal\drivers\si32Hal\sim3l1xx\startup_sim3l1x
x_arm.s

DMACH6_IRQHandler 00000032

Symbol: DMACH6_IRQHandler
   Definitions
      At line 245 in file ..\..\..\hal\drivers\si32Hal\sim3l1xx\startup_sim3l1x
x_arm.s
   Uses
      At line 65 in file ..\..\..\hal\drivers\si32Hal\sim3l1xx\startup_sim3l1xx
_arm.s
      At line 246 in file ..\..\..\hal\drivers\si32Hal\sim3l1xx\startup_sim3l1x
x_arm.s

DMACH7_IRQHandler 00000034

Symbol: DMACH7_IRQHandler
   Definitions
      At line 251 in file ..\..\..\hal\drivers\si32Hal\sim3l1xx\startup_sim3l1x
x_arm.s
   Uses
      At line 66 in file ..\..\..\hal\drivers\si32Hal\sim3l1xx\startup_sim3l1xx
_arm.s
      At line 252 in file ..\..\..\hal\drivers\si32Hal\sim3l1xx\startup_sim3l1x
x_arm.s




ARM Macro Assembler    Page 4 Alphabetic symbol ordering
Relocatable symbols

DMACH8_IRQHandler 00000036

Symbol: DMACH8_IRQHandler
   Definitions
      At line 257 in file ..\..\..\hal\drivers\si32Hal\sim3l1xx\startup_sim3l1x
x_arm.s
   Uses
      At line 67 in file ..\..\..\hal\drivers\si32Hal\sim3l1xx\startup_sim3l1xx
_arm.s
      At line 258 in file ..\..\..\hal\drivers\si32Hal\sim3l1xx\startup_sim3l1x
x_arm.s

DMACH9_IRQHandler 00000038

Symbol: DMACH9_IRQHandler
   Definitions
      At line 263 in file ..\..\..\hal\drivers\si32Hal\sim3l1xx\startup_sim3l1x
x_arm.s
   Uses
      At line 68 in file ..\..\..\hal\drivers\si32Hal\sim3l1xx\startup_sim3l1xx
_arm.s
      At line 264 in file ..\..\..\hal\drivers\si32Hal\sim3l1xx\startup_sim3l1x
x_arm.s

DMAERR_IRQHandler 00000024

Symbol: DMAERR_IRQHandler
   Definitions
      At line 203 in file ..\..\..\hal\drivers\si32Hal\sim3l1xx\startup_sim3l1x
x_arm.s
   Uses
      At line 58 in file ..\..\..\hal\drivers\si32Hal\sim3l1xx\startup_sim3l1xx
_arm.s
      At line 204 in file ..\..\..\hal\drivers\si32Hal\sim3l1xx\startup_sim3l1x
x_arm.s

DTM0_IRQHandler 0000005A

Symbol: DTM0_IRQHandler
   Definitions
      At line 365 in file ..\..\..\hal\drivers\si32Hal\sim3l1xx\startup_sim3l1x
x_arm.s
   Uses
      At line 85 in file ..\..\..\hal\drivers\si32Hal\sim3l1xx\startup_sim3l1xx
_arm.s
      At line 366 in file ..\..\..\hal\drivers\si32Hal\sim3l1xx\startup_sim3l1x
x_arm.s

DTM1_IRQHandler 0000005C

Symbol: DTM1_IRQHandler
   Definitions
      At line 371 in file ..\..\..\hal\drivers\si32Hal\sim3l1xx\startup_sim3l1x
x_arm.s
   Uses
      At line 86 in file ..\..\..\hal\drivers\si32Hal\sim3l1xx\startup_sim3l1xx
_arm.s
      At line 372 in file ..\..\..\hal\drivers\si32Hal\sim3l1xx\startup_sim3l1x
x_arm.s



ARM Macro Assembler    Page 5 Alphabetic symbol ordering
Relocatable symbols


DTM2_IRQHandler 0000005E

Symbol: DTM2_IRQHandler
   Definitions
      At line 377 in file ..\..\..\hal\drivers\si32Hal\sim3l1xx\startup_sim3l1x
x_arm.s
   Uses
      At line 87 in file ..\..\..\hal\drivers\si32Hal\sim3l1xx\startup_sim3l1xx
_arm.s
      At line 378 in file ..\..\..\hal\drivers\si32Hal\sim3l1xx\startup_sim3l1x
x_arm.s

DebugMon_Handler 00000014

Symbol: DebugMon_Handler
   Definitions
      At line 155 in file ..\..\..\hal\drivers\si32Hal\sim3l1xx\startup_sim3l1x
x_arm.s
   Uses
      At line 47 in file ..\..\..\hal\drivers\si32Hal\sim3l1xx\startup_sim3l1xx
_arm.s
      At line 156 in file ..\..\..\hal\drivers\si32Hal\sim3l1xx\startup_sim3l1x
x_arm.s

ENCDEC0_IRQHandler 00000062

Symbol: ENCDEC0_IRQHandler
   Definitions
      At line 389 in file ..\..\..\hal\drivers\si32Hal\sim3l1xx\startup_sim3l1x
x_arm.s
   Uses
      At line 89 in file ..\..\..\hal\drivers\si32Hal\sim3l1xx\startup_sim3l1xx
_arm.s
      At line 390 in file ..\..\..\hal\drivers\si32Hal\sim3l1xx\startup_sim3l1x
x_arm.s

EPCA0_IRQHandler 00000048

Symbol: EPCA0_IRQHandler
   Definitions
      At line 311 in file ..\..\..\hal\drivers\si32Hal\sim3l1xx\startup_sim3l1x
x_arm.s
   Uses
      At line 76 in file ..\..\..\hal\drivers\si32Hal\sim3l1xx\startup_sim3l1xx
_arm.s
      At line 312 in file ..\..\..\hal\drivers\si32Hal\sim3l1xx\startup_sim3l1x
x_arm.s

HardFault_Handler 0000000A

Symbol: HardFault_Handler
   Definitions
      At line 125 in file ..\..\..\hal\drivers\si32Hal\sim3l1xx\startup_sim3l1x
x_arm.s
   Uses
      At line 38 in file ..\..\..\hal\drivers\si32Hal\sim3l1xx\startup_sim3l1xx
_arm.s
      At line 126 in file ..\..\..\hal\drivers\si32Hal\sim3l1xx\startup_sim3l1x



ARM Macro Assembler    Page 6 Alphabetic symbol ordering
Relocatable symbols

x_arm.s

I2C0_IRQHandler 00000052

Symbol: I2C0_IRQHandler
   Definitions
      At line 341 in file ..\..\..\hal\drivers\si32Hal\sim3l1xx\startup_sim3l1x
x_arm.s
   Uses
      At line 81 in file ..\..\..\hal\drivers\si32Hal\sim3l1xx\startup_sim3l1xx
_arm.s
      At line 342 in file ..\..\..\hal\drivers\si32Hal\sim3l1xx\startup_sim3l1x
x_arm.s

IDAC0_IRQHandler 0000006E

Symbol: IDAC0_IRQHandler
   Definitions
      At line 425 in file ..\..\..\hal\drivers\si32Hal\sim3l1xx\startup_sim3l1x
x_arm.s
   Uses
      At line 95 in file ..\..\..\hal\drivers\si32Hal\sim3l1xx\startup_sim3l1xx
_arm.s
      At line 426 in file ..\..\..\hal\drivers\si32Hal\sim3l1xx\startup_sim3l1x
x_arm.s

LPTIMER0_IRQHandler 00000022

Symbol: LPTIMER0_IRQHandler
   Definitions
      At line 197 in file ..\..\..\hal\drivers\si32Hal\sim3l1xx\startup_sim3l1x
x_arm.s
   Uses
      At line 57 in file ..\..\..\hal\drivers\si32Hal\sim3l1xx\startup_sim3l1xx
_arm.s
      At line 198 in file ..\..\..\hal\drivers\si32Hal\sim3l1xx\startup_sim3l1x
x_arm.s

MemManage_Handler 0000000C

Symbol: MemManage_Handler
   Definitions
      At line 131 in file ..\..\..\hal\drivers\si32Hal\sim3l1xx\startup_sim3l1x
x_arm.s
   Uses
      At line 39 in file ..\..\..\hal\drivers\si32Hal\sim3l1xx\startup_sim3l1xx
_arm.s
      At line 132 in file ..\..\..\hal\drivers\si32Hal\sim3l1xx\startup_sim3l1x
x_arm.s

NMI_Handler 00000008

Symbol: NMI_Handler
   Definitions
      At line 119 in file ..\..\..\hal\drivers\si32Hal\sim3l1xx\startup_sim3l1x
x_arm.s
   Uses
      At line 37 in file ..\..\..\hal\drivers\si32Hal\sim3l1xx\startup_sim3l1xx
_arm.s



ARM Macro Assembler    Page 7 Alphabetic symbol ordering
Relocatable symbols

      At line 120 in file ..\..\..\hal\drivers\si32Hal\sim3l1xx\startup_sim3l1x
x_arm.s

PBEXT0_IRQHandler 0000001C

Symbol: PBEXT0_IRQHandler
   Definitions
      At line 179 in file ..\..\..\hal\drivers\si32Hal\sim3l1xx\startup_sim3l1x
x_arm.s
   Uses
      At line 54 in file ..\..\..\hal\drivers\si32Hal\sim3l1xx\startup_sim3l1xx
_arm.s
      At line 180 in file ..\..\..\hal\drivers\si32Hal\sim3l1xx\startup_sim3l1x
x_arm.s

PBEXT1_IRQHandler 0000001E

Symbol: PBEXT1_IRQHandler
   Definitions
      At line 185 in file ..\..\..\hal\drivers\si32Hal\sim3l1xx\startup_sim3l1x
x_arm.s
   Uses
      At line 55 in file ..\..\..\hal\drivers\si32Hal\sim3l1xx\startup_sim3l1xx
_arm.s
      At line 186 in file ..\..\..\hal\drivers\si32Hal\sim3l1xx\startup_sim3l1x
x_arm.s

PLL0_IRQHandler 00000070

Symbol: PLL0_IRQHandler
   Definitions
      At line 431 in file ..\..\..\hal\drivers\si32Hal\sim3l1xx\startup_sim3l1x
x_arm.s
   Uses
      At line 96 in file ..\..\..\hal\drivers\si32Hal\sim3l1xx\startup_sim3l1xx
_arm.s
      At line 432 in file ..\..\..\hal\drivers\si32Hal\sim3l1xx\startup_sim3l1x
x_arm.s

PMATCH_IRQHandler 0000006C

Symbol: PMATCH_IRQHandler
   Definitions
      At line 419 in file ..\..\..\hal\drivers\si32Hal\sim3l1xx\startup_sim3l1x
x_arm.s
   Uses
      At line 94 in file ..\..\..\hal\drivers\si32Hal\sim3l1xx\startup_sim3l1xx
_arm.s
      At line 420 in file ..\..\..\hal\drivers\si32Hal\sim3l1xx\startup_sim3l1x
x_arm.s

PendSV_Handler 00000016

Symbol: PendSV_Handler
   Definitions
      At line 161 in file ..\..\..\hal\drivers\si32Hal\sim3l1xx\startup_sim3l1x
x_arm.s
   Uses
      At line 49 in file ..\..\..\hal\drivers\si32Hal\sim3l1xx\startup_sim3l1xx



ARM Macro Assembler    Page 8 Alphabetic symbol ordering
Relocatable symbols

_arm.s
      At line 162 in file ..\..\..\hal\drivers\si32Hal\sim3l1xx\startup_sim3l1x
x_arm.s

RTC0ALRM_IRQHandler 00000020

Symbol: RTC0ALRM_IRQHandler
   Definitions
      At line 191 in file ..\..\..\hal\drivers\si32Hal\sim3l1xx\startup_sim3l1x
x_arm.s
   Uses
      At line 56 in file ..\..\..\hal\drivers\si32Hal\sim3l1xx\startup_sim3l1xx
_arm.s
      At line 192 in file ..\..\..\hal\drivers\si32Hal\sim3l1xx\startup_sim3l1x
x_arm.s

RTC0FAIL_IRQHandler 00000064

Symbol: RTC0FAIL_IRQHandler
   Definitions
      At line 395 in file ..\..\..\hal\drivers\si32Hal\sim3l1xx\startup_sim3l1x
x_arm.s
   Uses
      At line 90 in file ..\..\..\hal\drivers\si32Hal\sim3l1xx\startup_sim3l1xx
_arm.s
      At line 396 in file ..\..\..\hal\drivers\si32Hal\sim3l1xx\startup_sim3l1x
x_arm.s

Reset_Handler 00000000

Symbol: Reset_Handler
   Definitions
      At line 106 in file ..\..\..\hal\drivers\si32Hal\sim3l1xx\startup_sim3l1x
x_arm.s
   Uses
      At line 36 in file ..\..\..\hal\drivers\si32Hal\sim3l1xx\startup_sim3l1xx
_arm.s
      At line 107 in file ..\..\..\hal\drivers\si32Hal\sim3l1xx\startup_sim3l1x
x_arm.s

SARADC0_IRQHandler 00000054

Symbol: SARADC0_IRQHandler
   Definitions
      At line 347 in file ..\..\..\hal\drivers\si32Hal\sim3l1xx\startup_sim3l1x
x_arm.s
   Uses
      At line 82 in file ..\..\..\hal\drivers\si32Hal\sim3l1xx\startup_sim3l1xx
_arm.s
      At line 348 in file ..\..\..\hal\drivers\si32Hal\sim3l1xx\startup_sim3l1x
x_arm.s

SPI0_IRQHandler 0000004E

Symbol: SPI0_IRQHandler
   Definitions
      At line 329 in file ..\..\..\hal\drivers\si32Hal\sim3l1xx\startup_sim3l1x
x_arm.s
   Uses



ARM Macro Assembler    Page 9 Alphabetic symbol ordering
Relocatable symbols

      At line 79 in file ..\..\..\hal\drivers\si32Hal\sim3l1xx\startup_sim3l1xx
_arm.s
      At line 330 in file ..\..\..\hal\drivers\si32Hal\sim3l1xx\startup_sim3l1x
x_arm.s

SPI1_IRQHandler 00000050

Symbol: SPI1_IRQHandler
   Definitions
      At line 335 in file ..\..\..\hal\drivers\si32Hal\sim3l1xx\startup_sim3l1x
x_arm.s
   Uses
      At line 80 in file ..\..\..\hal\drivers\si32Hal\sim3l1xx\startup_sim3l1xx
_arm.s
      At line 336 in file ..\..\..\hal\drivers\si32Hal\sim3l1xx\startup_sim3l1x
x_arm.s

SVC_Handler 00000012

Symbol: SVC_Handler
   Definitions
      At line 149 in file ..\..\..\hal\drivers\si32Hal\sim3l1xx\startup_sim3l1x
x_arm.s
   Uses
      At line 46 in file ..\..\..\hal\drivers\si32Hal\sim3l1xx\startup_sim3l1xx
_arm.s
      At line 150 in file ..\..\..\hal\drivers\si32Hal\sim3l1xx\startup_sim3l1x
x_arm.s

SysTick_Handler 00000018

Symbol: SysTick_Handler
   Definitions
      At line 167 in file ..\..\..\hal\drivers\si32Hal\sim3l1xx\startup_sim3l1x
x_arm.s
   Uses
      At line 50 in file ..\..\..\hal\drivers\si32Hal\sim3l1xx\startup_sim3l1xx
_arm.s
      At line 168 in file ..\..\..\hal\drivers\si32Hal\sim3l1xx\startup_sim3l1x
x_arm.s

TIMER0H_IRQHandler 0000003C

Symbol: TIMER0H_IRQHandler
   Definitions
      At line 275 in file ..\..\..\hal\drivers\si32Hal\sim3l1xx\startup_sim3l1x
x_arm.s
   Uses
      At line 70 in file ..\..\..\hal\drivers\si32Hal\sim3l1xx\startup_sim3l1xx
_arm.s
      At line 276 in file ..\..\..\hal\drivers\si32Hal\sim3l1xx\startup_sim3l1x
x_arm.s

TIMER0L_IRQHandler 0000003A

Symbol: TIMER0L_IRQHandler
   Definitions
      At line 269 in file ..\..\..\hal\drivers\si32Hal\sim3l1xx\startup_sim3l1x
x_arm.s



ARM Macro Assembler    Page 10 Alphabetic symbol ordering
Relocatable symbols

   Uses
      At line 69 in file ..\..\..\hal\drivers\si32Hal\sim3l1xx\startup_sim3l1xx
_arm.s
      At line 270 in file ..\..\..\hal\drivers\si32Hal\sim3l1xx\startup_sim3l1x
x_arm.s

TIMER1H_IRQHandler 00000040

Symbol: TIMER1H_IRQHandler
   Definitions
      At line 287 in file ..\..\..\hal\drivers\si32Hal\sim3l1xx\startup_sim3l1x
x_arm.s
   Uses
      At line 72 in file ..\..\..\hal\drivers\si32Hal\sim3l1xx\startup_sim3l1xx
_arm.s
      At line 288 in file ..\..\..\hal\drivers\si32Hal\sim3l1xx\startup_sim3l1x
x_arm.s

TIMER1L_IRQHandler 0000003E

Symbol: TIMER1L_IRQHandler
   Definitions
      At line 281 in file ..\..\..\hal\drivers\si32Hal\sim3l1xx\startup_sim3l1x
x_arm.s
   Uses
      At line 71 in file ..\..\..\hal\drivers\si32Hal\sim3l1xx\startup_sim3l1xx
_arm.s
      At line 282 in file ..\..\..\hal\drivers\si32Hal\sim3l1xx\startup_sim3l1x
x_arm.s

TIMER2H_IRQHandler 00000044

Symbol: TIMER2H_IRQHandler
   Definitions
      At line 299 in file ..\..\..\hal\drivers\si32Hal\sim3l1xx\startup_sim3l1x
x_arm.s
   Uses
      At line 74 in file ..\..\..\hal\drivers\si32Hal\sim3l1xx\startup_sim3l1xx
_arm.s
      At line 300 in file ..\..\..\hal\drivers\si32Hal\sim3l1xx\startup_sim3l1x
x_arm.s

TIMER2L_IRQHandler 00000042

Symbol: TIMER2L_IRQHandler
   Definitions
      At line 293 in file ..\..\..\hal\drivers\si32Hal\sim3l1xx\startup_sim3l1x
x_arm.s
   Uses
      At line 73 in file ..\..\..\hal\drivers\si32Hal\sim3l1xx\startup_sim3l1xx
_arm.s
      At line 294 in file ..\..\..\hal\drivers\si32Hal\sim3l1xx\startup_sim3l1x
x_arm.s

UART0_IRQHandler 0000004C

Symbol: UART0_IRQHandler
   Definitions
      At line 323 in file ..\..\..\hal\drivers\si32Hal\sim3l1xx\startup_sim3l1x



ARM Macro Assembler    Page 11 Alphabetic symbol ordering
Relocatable symbols

x_arm.s
   Uses
      At line 78 in file ..\..\..\hal\drivers\si32Hal\sim3l1xx\startup_sim3l1xx
_arm.s
      At line 324 in file ..\..\..\hal\drivers\si32Hal\sim3l1xx\startup_sim3l1x
x_arm.s

USART0_IRQHandler 0000004A

Symbol: USART0_IRQHandler
   Definitions
      At line 317 in file ..\..\..\hal\drivers\si32Hal\sim3l1xx\startup_sim3l1x
x_arm.s
   Uses
      At line 77 in file ..\..\..\hal\drivers\si32Hal\sim3l1xx\startup_sim3l1xx
_arm.s
      At line 318 in file ..\..\..\hal\drivers\si32Hal\sim3l1xx\startup_sim3l1x
x_arm.s

UsageFault_Handler 00000010

Symbol: UsageFault_Handler
   Definitions
      At line 143 in file ..\..\..\hal\drivers\si32Hal\sim3l1xx\startup_sim3l1x
x_arm.s
   Uses
      At line 41 in file ..\..\..\hal\drivers\si32Hal\sim3l1xx\startup_sim3l1xx
_arm.s
      At line 144 in file ..\..\..\hal\drivers\si32Hal\sim3l1xx\startup_sim3l1x
x_arm.s

VCPFAIL_IRQHandler 00000068

Symbol: VCPFAIL_IRQHandler
   Definitions
      At line 407 in file ..\..\..\hal\drivers\si32Hal\sim3l1xx\startup_sim3l1x
x_arm.s
   Uses
      At line 92 in file ..\..\..\hal\drivers\si32Hal\sim3l1xx\startup_sim3l1xx
_arm.s
      At line 408 in file ..\..\..\hal\drivers\si32Hal\sim3l1xx\startup_sim3l1x
x_arm.s

VDDLOW_IRQHandler 00000066

Symbol: VDDLOW_IRQHandler
   Definitions
      At line 401 in file ..\..\..\hal\drivers\si32Hal\sim3l1xx\startup_sim3l1x
x_arm.s
   Uses
      At line 91 in file ..\..\..\hal\drivers\si32Hal\sim3l1xx\startup_sim3l1xx
_arm.s
      At line 402 in file ..\..\..\hal\drivers\si32Hal\sim3l1xx\startup_sim3l1x
x_arm.s

WDTIMER0_IRQHandler 0000001A

Symbol: WDTIMER0_IRQHandler
   Definitions



ARM Macro Assembler    Page 12 Alphabetic symbol ordering
Relocatable symbols

      At line 173 in file ..\..\..\hal\drivers\si32Hal\sim3l1xx\startup_sim3l1x
x_arm.s
   Uses
      At line 53 in file ..\..\..\hal\drivers\si32Hal\sim3l1xx\startup_sim3l1xx
_arm.s
      At line 174 in file ..\..\..\hal\drivers\si32Hal\sim3l1xx\startup_sim3l1x
x_arm.s

55 symbols



ARM Macro Assembler    Page 1 Alphabetic symbol ordering
Absolute symbols

__Vectors_Size 000000F0

Symbol: __Vectors_Size
   Definitions
      At line 100 in file ..\..\..\hal\drivers\si32Hal\sim3l1xx\startup_sim3l1x
x_arm.s
   Uses
      At line 28 in file ..\..\..\hal\drivers\si32Hal\sim3l1xx\startup_sim3l1xx
_arm.s
Comment: __Vectors_Size used once
1 symbol



ARM Macro Assembler    Page 1 Alphabetic symbol ordering
External symbols

SystemInit 00000000

Symbol: SystemInit
   Definitions
      At line 108 in file ..\..\..\hal\drivers\si32Hal\sim3l1xx\startup_sim3l1x
x_arm.s
   Uses
      At line 110 in file ..\..\..\hal\drivers\si32Hal\sim3l1xx\startup_sim3l1x
x_arm.s
Comment: SystemInit used once
__main 00000000

Symbol: __main
   Definitions
      At line 109 in file ..\..\..\hal\drivers\si32Hal\sim3l1xx\startup_sim3l1x
x_arm.s
   Uses
      At line 112 in file ..\..\..\hal\drivers\si32Hal\sim3l1xx\startup_sim3l1x
x_arm.s
Comment: __main used once
|Image$$ARM_LIB_STACK$$ZI$$Limit| 00000000

Symbol: |Image$$ARM_LIB_STACK$$ZI$$Limit|
   Definitions
      At line 29 in file ..\..\..\hal\drivers\si32Hal\sim3l1xx\startup_sim3l1xx
_arm.s
   Uses
      At line 33 in file ..\..\..\hal\drivers\si32Hal\sim3l1xx\startup_sim3l1xx
_arm.s
Comment: |Image$$ARM_LIB_STACK$$ZI$$Limit| used once
3 symbols
395 symbols in table
